Determining if the pthread_create exist failed with the following output:
Change Dir: /home/redwan/ros/melodic/dev/src/tase_exp/cmake-build-debug/CMakeFiles/CMakeTmp

Run Build Command:"/usr/bin/make" "cmTC_afd84/fast"
/usr/bin/make -f CMakeFiles/cmTC_afd84.dir/build.make CMakeFiles/cmTC_afd84.dir/build
make[1]: Entering directory '/home/redwan/ros/melodic/dev/src/tase_exp/cmake-build-debug/CMakeFiles/CMakeTmp'
Building C object CMakeFiles/cmTC_afd84.dir/CheckSymbolExists.c.o
/usr/bin/cc    -o CMakeFiles/cmTC_afd84.dir/CheckSymbolExists.c.o   -c /home/redwan/ros/melodic/dev/src/tase_exp/cmake-build-debug/CMakeFiles/CMakeTmp/CheckSymbolExists.c
Linking C executable cmTC_afd84
/home/redwan/Downloads/clion-2018.3.4/bin/cmake/linux/bin/cmake -E cmake_link_script CMakeFiles/cmTC_afd84.dir/link.txt --verbose=1
/usr/bin/cc      -rdynamic CMakeFiles/cmTC_afd84.dir/CheckSymbolExists.c.o  -o cmTC_afd84 
CMakeFiles/cmTC_afd84.dir/CheckSymbolExists.c.o: In function `main':
CheckSymbolExists.c:(.text+0x1b): undefined reference to `pthread_create'
collect2: error: ld returned 1 exit status
CMakeFiles/cmTC_afd84.dir/build.make:86: recipe for target 'cmTC_afd84' failed
make[1]: *** [cmTC_afd84] Error 1
make[1]: Leaving directory '/home/redwan/ros/melodic/dev/src/tase_exp/cmake-build-debug/CMakeFiles/CMakeTmp'
Makefile:121: recipe for target 'cmTC_afd84/fast' failed
make: *** [cmTC_afd84/fast] Error 2

File /home/redwan/ros/melodic/dev/src/tase_exp/cmake-build-debug/CMakeFiles/CMakeTmp/CheckSymbolExists.c:
/* */
#include <pthread.h>

int main(int argc, char** argv)
{
  (void)argv;
#ifndef pthread_create
  return ((int*)(&pthread_create))[argc];
#else
  (void)argc;
  return 0;
#endif
}

Determining if the function pthread_create exists in the pthreads failed with the following output:
Change Dir: /home/redwan/ros/melodic/dev/src/tase_exp/cmake-build-debug/CMakeFiles/CMakeTmp

Run Build Command:"/usr/bin/make" "cmTC_41673/fast"
/usr/bin/make -f CMakeFiles/cmTC_41673.dir/build.make CMakeFiles/cmTC_41673.dir/build
make[1]: Entering directory '/home/redwan/ros/melodic/dev/src/tase_exp/cmake-build-debug/CMakeFiles/CMakeTmp'
Building C object CMakeFiles/cmTC_41673.dir/CheckFunctionExists.c.o
/usr/bin/cc   -DCHECK_FUNCTION_EXISTS=pthread_create   -o CMakeFiles/cmTC_41673.dir/CheckFunctionExists.c.o   -c /home/redwan/Downloads/clion-2018.3.4/bin/cmake/linux/share/cmake-3.13/Modules/CheckFunctionExists.c
Linking C executable cmTC_41673
/home/redwan/Downloads/clion-2018.3.4/bin/cmake/linux/bin/cmake -E cmake_link_script CMakeFiles/cmTC_41673.dir/link.txt --verbose=1
/usr/bin/cc  -DCHECK_FUNCTION_EXISTS=pthread_create    -rdynamic CMakeFiles/cmTC_41673.dir/CheckFunctionExists.c.o  -o cmTC_41673 -lpthreads 
/usr/bin/ld: cannot find -lpthreads
collect2: error: ld returned 1 exit status
CMakeFiles/cmTC_41673.dir/build.make:86: recipe for target 'cmTC_41673' failed
make[1]: *** [cmTC_41673] Error 1
make[1]: Leaving directory '/home/redwan/ros/melodic/dev/src/tase_exp/cmake-build-debug/CMakeFiles/CMakeTmp'
Makefile:121: recipe for target 'cmTC_41673/fast' failed
make: *** [cmTC_41673/fast] Error 2


